Using pre-set license
Built from '2021.3/release' branch; Version is '2021.3.17f1 (3e8111cac19d) revision 4096273'; Using compiler version '192829333'; Build Type 'Release'
OS: 'Windows 11  (10.0.22621) 64bit Professional' Language: 'en' Physical Memory: 16007 MB
BatchMode: 1, IsHumanControllingUs: 0, StartBugReporterOnCrash: 0, Is64bit: 1, IsPro: 1

COMMAND LINE ARGUMENTS:
C:\Program Files\Unity\Hub\Editor\2021.3.17f1\Editor\Unity.exe
-adb2
-batchMode
-noUpm
-name
AssetImportWorker8
-projectPath
C:/Users/Emil/Documents/GitHub/BallPath
-logFile
Logs/AssetImportWorker8.log
-srvPort
52178
Successfully changed project path to: C:/Users/Emil/Documents/GitHub/BallPath
C:/Users/Emil/Documents/GitHub/BallPath
[UnityMemory] Configuration Parameters - Can be set up in boot.config
    "memorysetup-bucket-allocator-granularity=16"
    "memorysetup-bucket-allocator-bucket-count=8"
    "memorysetup-bucket-allocator-block-size=33554432"
    "memorysetup-bucket-allocator-block-count=8"
    "memorysetup-main-allocator-block-size=16777216"
    "memorysetup-thread-allocator-block-size=16777216"
    "memorysetup-gfx-main-allocator-block-size=16777216"
    "memorysetup-gfx-thread-allocator-block-size=16777216"
    "memorysetup-cache-allocator-block-size=4194304"
    "memorysetup-typetree-allocator-block-size=2097152"
    "memorysetup-profiler-bucket-allocator-granularity=16"
    "memorysetup-profiler-bucket-allocator-bucket-count=8"
    "memorysetup-profiler-bucket-allocator-block-size=33554432"
    "memorysetup-profiler-bucket-allocator-block-count=8"
    "memorysetup-profiler-allocator-block-size=16777216"
    "memorysetup-profiler-editor-allocator-block-size=1048576"
    "memorysetup-temp-allocator-size-main=16777216"
    "memorysetup-job-temp-allocator-block-size=2097152"
    "memorysetup-job-temp-allocator-block-size-background=1048576"
    "memorysetup-job-temp-allocator-reduction-small-platforms=262144"
    "memorysetup-temp-allocator-size-background-worker=32768"
    "memorysetup-temp-allocator-size-job-worker=262144"
    "memorysetup-temp-allocator-size-preload-manager=33554432"
    "memorysetup-temp-allocator-size-nav-mesh-worker=65536"
    "memorysetup-temp-allocator-size-audio-worker=65536"
    "memorysetup-temp-allocator-size-cloud-worker=32768"
    "memorysetup-temp-allocator-size-gi-baking-worker=262144"
    "memorysetup-temp-allocator-size-gfx=262144"
Player connection [14624] Host "[IP] 192.168.0.106 [Port] 0 [Flags] 2 [Guid] 3357251538 [EditorId] 3357251538 [Version] 1048832 [Id] WindowsEditor(7,DESKTOP-HPC5Q9F) [Debug] 1 [PackageName] WindowsEditor [ProjectName] Editor" joined multi-casting on [225.0.0.222:54997]...

Player connection [14624] Host "[IP] 192.168.0.106 [Port] 0 [Flags] 2 [Guid] 3357251538 [EditorId] 3357251538 [Version] 1048832 [Id] WindowsEditor(7,DESKTOP-HPC5Q9F) [Debug] 1 [PackageName] WindowsEditor [ProjectName] Editor" joined alternative multi-casting on [225.0.0.222:34997]...

Refreshing native plugins compatible for Editor in 87.60 ms, found 3 plugins.
Preloading 0 native plugins for Editor in 0.00 ms.
Initialize engine version: 2021.3.17f1 (3e8111cac19d)
[Subsystems] Discovering subsystems at path C:/Program Files/Unity/Hub/Editor/2021.3.17f1/Editor/Data/Resources/UnitySubsystems
[Subsystems] Discovering subsystems at path C:/Users/Emil/Documents/GitHub/BallPath/Assets
GfxDevice: creating device client; threaded=0; jobified=0
Direct3D:
    Version:  Direct3D 11.0 [level 11.1]
    Renderer: Intel(R) Iris(R) Xe Graphics (ID=0x46a6)
    Vendor:   Intel
    VRAM:     8003 MB
    Driver:   30.0.101.1368
Initialize mono
Mono path[0] = 'C:/Program Files/Unity/Hub/Editor/2021.3.17f1/Editor/Data/Managed'
Mono path[1] = 'C:/Program Files/Unity/Hub/Editor/2021.3.17f1/Editor/Data/MonoBleedingEdge/lib/mono/unityjit-win32'
Mono config path = 'C:/Program Files/Unity/Hub/Editor/2021.3.17f1/Editor/Data/MonoBleedingEdge/etc'
Using monoOptions --debugger-agent=transport=dt_socket,embedding=1,server=y,suspend=n,address=127.0.0.1:56116
Begin MonoManager ReloadAssembly
Registering precompiled unity dll's ...
Register platform support module: C:/Program Files/Unity/Hub/Editor/2021.3.17f1/Editor/Data/PlaybackEngines/AndroidPlayer/UnityEditor.Android.Extensions.dll
Register platform support module: C:/Program Files/Unity/Hub/Editor/2021.3.17f1/Editor/Data/PlaybackEngines/WindowsStandaloneSupport/UnityEditor.WindowsStandalone.Extensions.dll
Registered in 0.003789 seconds.
Native extension for WindowsStandalone target not found
Native extension for Android target not found
Android Extension - Scanning For ADB Devices 191 ms
Refreshing native plugins compatible for Editor in 68.16 ms, found 3 plugins.
Preloading 0 native plugins for Editor in 0.00 ms.
Mono: successfully reloaded assembly
- Completed reload, in  0.695 seconds
Domain Reload Profiling:
	ReloadAssembly (695ms)
		BeginReloadAssembly (54ms)
			ExecutionOrderSort (0ms)
			DisableScriptedObjects (0ms)
			BackupInstance (0ms)
			ReleaseScriptingObjects (0ms)
			CreateAndSetChildDomain (1ms)
		EndReloadAssembly (562ms)
			LoadAssemblies (53ms)
			RebuildTransferFunctionScriptingTraits (0ms)
			SetupTypeCache (80ms)
			ReleaseScriptCaches (0ms)
			RebuildScriptCaches (23ms)
			SetupLoadedEditorAssemblies (420ms)
				LogAssemblyErrors (0ms)
				InitializePlatformSupportModulesInManaged (241ms)
				SetLoadedEditorAssemblies (0ms)
				RefreshPlugins (68ms)
				BeforeProcessingInitializeOnLoad (1ms)
				ProcessInitializeOnLoadAttributes (74ms)
				ProcessInitializeOnLoadMethodAttributes (35ms)
				AfterProcessingInitializeOnLoad (0ms)
				EditorAssembliesLoaded (0ms)
			ExecutionOrderSort2 (0ms)
			AwakeInstancesAfterBackupRestoration (0ms)
Platform modules already initialized, skipping
Registering precompiled user dll's ...
Registered in 0.003386 seconds.
Begin MonoManager ReloadAssembly
Symbol file LoadedFromMemory doesn't match image C:\Users\Emil\Documents\GitHub\BallPath\Library\PackageCache\com.unity.visualscripting@1.8.0\Editor\VisualScripting.Core\Dependencies\YamlDotNet\Unity.VisualScripting.YamlDotNet.dll
Symbol file LoadedFromMemory doesn't match image C:\Users\Emil\Documents\GitHub\BallPath\Library\PackageCache\com.unity.visualscripting@1.8.0\Editor\VisualScripting.Core\Dependencies\DotNetZip\Unity.VisualScripting.IonicZip.dll
Native extension for WindowsStandalone target not found
Native extension for Android target not found
Refreshing native plugins compatible for Editor in 0.44 ms, found 3 plugins.
Preloading 0 native plugins for Editor in 0.00 ms.
Mono: successfully reloaded assembly
- Completed reload, in  0.903 seconds
Domain Reload Profiling:
	ReloadAssembly (904ms)
		BeginReloadAssembly (75ms)
			ExecutionOrderSort (0ms)
			DisableScriptedObjects (4ms)
			BackupInstance (0ms)
			ReleaseScriptingObjects (0ms)
			CreateAndSetChildDomain (15ms)
		EndReloadAssembly (747ms)
			LoadAssemblies (56ms)
			RebuildTransferFunctionScriptingTraits (0ms)
			SetupTypeCache (299ms)
			ReleaseScriptCaches (0ms)
			RebuildScriptCaches (40ms)
			SetupLoadedEditorAssemblies (310ms)
				LogAssemblyErrors (0ms)
				InitializePlatformSupportModulesInManaged (16ms)
				SetLoadedEditorAssemblies (0ms)
				RefreshPlugins (0ms)
				BeforeProcessingInitializeOnLoad (76ms)
				ProcessInitializeOnLoadAttributes (195ms)
				ProcessInitializeOnLoadMethodAttributes (18ms)
				AfterProcessingInitializeOnLoad (3ms)
				EditorAssembliesLoaded (0ms)
			ExecutionOrderSort2 (0ms)
			AwakeInstancesAfterBackupRestoration (4ms)
Platform modules already initialized, skipping
========================================================================
Worker process is ready to serve import requests
Launched and connected shader compiler UnityShaderCompiler.exe after 0.04 seconds
Refreshing native plugins compatible for Editor in 0.49 ms, found 3 plugins.
Preloading 0 native plugins for Editor in 0.00 ms.
Unloading 3426 Unused Serialized files (Serialized files now loaded: 0)
Unloading 27 unused Assets / (113.4 KB). Loaded Objects now: 3886.
Memory consumption went from 119.2 MB to 119.0 MB.
Total: 2.698000 ms (FindLiveObjects: 0.182800 ms CreateObjectMapping: 0.086400 ms MarkObjects: 2.332600 ms  DeleteObjects: 0.095400 ms)

AssetImportParameters requested are different than current active one (requested -> active):
  custom:video-decoder-ogg-theora: a1e56fd34408186e4bbccfd4996cb3dc -> 
  custom:container-muxer-webm: aa71ff27fc2769a1b78a27578f13a17b -> 
  custom:container-demuxer-webm: 4f35f7cbe854078d1ac9338744f61a02 -> 
  custom:video-encoder-webm-vp8: eb34c28f22e8b96e1ab97ce403110664 -> 
  custom:audio-encoder-webm-vorbis: bf7c407c2cedff20999df2af8eb42d56 -> 
  custom:framework-win-MediaFoundation: 216162199b28c13a410421893ffa2e32 -> 
  custom:container-demuxer-ogg: 62fdf1f143b41e24485cea50d1cbac27 -> 
  custom:video-decoder-webm-vp8: 9c59270c3fd7afecdb556c50c9e8de78 -> 
  custom:audio-decoder-ogg-vorbis: bf7c407c2cedff20999df2af8eb42d56 -> 
========================================================================
Received Import Request.
  Time since last request: 365621.644397 seconds.
  path: Assets/BrokenVector/LowPolyFencePack/Prefabs/Fence Type1 01.prefab
  artifactKey: Guid(4cc487e002327cb43995ca1871bd142e) Importer(815301076,1909f56bfc062723c751e8b465ee728b)
Start importing Assets/BrokenVector/LowPolyFencePack/Prefabs/Fence Type1 01.prefab using Guid(4cc487e002327cb43995ca1871bd142e) Importer(815301076,1909f56bfc062723c751e8b465ee728b)  -> (artifact id: '385eb6b69a8c46d5df9d0d325de17ee5') in 0.116089 seconds 
========================================================================
Received Import Request.
  Time since last request: 83.215661 seconds.
  path: Assets/BrokenVector/LowPolyFencePack/Prefabs/Animated
  artifactKey: Guid(51f1f5e6188c08f4bbaf9c01cd7233d5) Importer(815301076,1909f56bfc062723c751e8b465ee728b)
Start importing Assets/BrokenVector/LowPolyFencePack/Prefabs/Animated using Guid(51f1f5e6188c08f4bbaf9c01cd7233d5) Importer(815301076,1909f56bfc062723c751e8b465ee728b)  -> (artifact id: 'e5c40141ba02a445087c1ec7e9f26af5') in 0.013279 seconds 
========================================================================
Received Import Request.
  Time since last request: 0.063572 seconds.
  path: Assets/BrokenVector/LowPolyFencePack/Prefabs/Animated/Fence Type1 Door.prefab
  artifactKey: Guid(9c385ba4a2784df4e957601bf4fafac1) Importer(815301076,1909f56bfc062723c751e8b465ee728b)
Start importing Assets/BrokenVector/LowPolyFencePack/Prefabs/Animated/Fence Type1 Door.prefab using Guid(9c385ba4a2784df4e957601bf4fafac1) Importer(815301076,1909f56bfc062723c751e8b465ee728b)  -> (artifact id: '17cfcd349bc2a4a7b8a391f3a9dd0776') in 0.058331 seconds 
========================================================================
Received Import Request.
  Time since last request: 0.000020 seconds.
  path: Assets/BrokenVector/LowPolyFencePack/Prefabs/Animated/Fence Type3 Door.prefab
  artifactKey: Guid(c3db2cebc8fb0e54ab37bf47bacb4b4a) Importer(815301076,1909f56bfc062723c751e8b465ee728b)
Start importing Assets/BrokenVector/LowPolyFencePack/Prefabs/Animated/Fence Type3 Door.prefab using Guid(c3db2cebc8fb0e54ab37bf47bacb4b4a) Importer(815301076,1909f56bfc062723c751e8b465ee728b)  -> (artifact id: '7ec740f00087e195ef31e793b411f424') in 0.027084 seconds 
========================================================================
Received Import Request.
  Time since last request: 32.045916 seconds.
  path: Assets/BrokenVector/LowPolyTreePack/Prefabs/Tree Type0 01.prefab
  artifactKey: Guid(aee731a00031fcc4d9d2b075e528e050) Importer(815301076,1909f56bfc062723c751e8b465ee728b)
Start importing Assets/BrokenVector/LowPolyTreePack/Prefabs/Tree Type0 01.prefab using Guid(aee731a00031fcc4d9d2b075e528e050) Importer(815301076,1909f56bfc062723c751e8b465ee728b)  -> (artifact id: 'f7b792dfcda5cfca1fe6d4089e205a86') in 0.020469 seconds 
========================================================================
Received Import Request.
  Time since last request: 0.000038 seconds.
  path: Assets/BrokenVector/LowPolyTreePack/Prefabs/Tree Type2 03.prefab
  artifactKey: Guid(a0c53a09e4a37b5409b1248ebce2c376) Importer(815301076,1909f56bfc062723c751e8b465ee728b)
Start importing Assets/BrokenVector/LowPolyTreePack/Prefabs/Tree Type2 03.prefab using Guid(a0c53a09e4a37b5409b1248ebce2c376) Importer(815301076,1909f56bfc062723c751e8b465ee728b)  -> (artifact id: '54be298e2a41eb2d74cade2c0d74db3f') in 0.026566 seconds 
========================================================================
Received Import Request.
  Time since last request: 0.000020 seconds.
  path: Assets/BrokenVector/LowPolyTreePack/Prefabs/Tree Type0 06.prefab
  artifactKey: Guid(a9cc5585b9634a9449920c03ec6bc243) Importer(815301076,1909f56bfc062723c751e8b465ee728b)
Start importing Assets/BrokenVector/LowPolyTreePack/Prefabs/Tree Type0 06.prefab using Guid(a9cc5585b9634a9449920c03ec6bc243) Importer(815301076,1909f56bfc062723c751e8b465ee728b)  -> (artifact id: 'e76104562b5a9f0d98d3243ddd15e682') in 0.028750 seconds 
========================================================================
Received Import Request.
  Time since last request: 0.000078 seconds.
  path: Assets/BrokenVector/LowPolyTreePack/Prefabs/Tree Type0 05.prefab
  artifactKey: Guid(9469bb1d3aa88ca40aa4079e96a27f8e) Importer(815301076,1909f56bfc062723c751e8b465ee728b)
Start importing Assets/BrokenVector/LowPolyTreePack/Prefabs/Tree Type0 05.prefab using Guid(9469bb1d3aa88ca40aa4079e96a27f8e) Importer(815301076,1909f56bfc062723c751e8b465ee728b)  -> (artifact id: '19fd8d4c5867c2590c82833178f6c80c') in 0.026924 seconds 
========================================================================
Received Import Request.
  Time since last request: 0.000047 seconds.
  path: Assets/BrokenVector/LowPolyTreePack/Prefabs/Tree Type0 04.prefab
  artifactKey: Guid(8a7cf5ac7b4145441a3dca86f869b09e) Importer(815301076,1909f56bfc062723c751e8b465ee728b)
Start importing Assets/BrokenVector/LowPolyTreePack/Prefabs/Tree Type0 04.prefab using Guid(8a7cf5ac7b4145441a3dca86f869b09e) Importer(815301076,1909f56bfc062723c751e8b465ee728b)  -> (artifact id: 'a1a7135ea02c66f4c5456e0335c3de06') in 0.030377 seconds 
========================================================================
Received Import Request.
  Time since last request: 0.000087 seconds.
  path: Assets/BrokenVector/LowPolyTreePack/Prefabs/Tree Type1 04.prefab
  artifactKey: Guid(8ed1fa325ca228645ad26dd6eff14768) Importer(815301076,1909f56bfc062723c751e8b465ee728b)
Start importing Assets/BrokenVector/LowPolyTreePack/Prefabs/Tree Type1 04.prefab using Guid(8ed1fa325ca228645ad26dd6eff14768) Importer(815301076,1909f56bfc062723c751e8b465ee728b)  -> (artifact id: '0f4059f2eb5fb0fa9559d7007738a107') in 0.025138 seconds 
========================================================================
Received Import Request.
  Time since last request: 0.000137 seconds.
  path: Assets/BrokenVector/LowPolyTreePack/Prefabs/Tree Type1 01.prefab
  artifactKey: Guid(fc05c8bfad7df5a4abe568aca7403b9e) Importer(815301076,1909f56bfc062723c751e8b465ee728b)
Start importing Assets/BrokenVector/LowPolyTreePack/Prefabs/Tree Type1 01.prefab using Guid(fc05c8bfad7df5a4abe568aca7403b9e) Importer(815301076,1909f56bfc062723c751e8b465ee728b)  -> (artifact id: 'e74255e37bed599b6dded6a03d2ce47e') in 0.017741 seconds 
========================================================================
Received Import Request.
  Time since last request: 0.000050 seconds.
  path: Assets/BrokenVector/LowPolyTreePack/Prefabs/Tree Type1 02.prefab
  artifactKey: Guid(702740a5e4ac1ee40a1888d3b62faa91) Importer(815301076,1909f56bfc062723c751e8b465ee728b)
Start importing Assets/BrokenVector/LowPolyTreePack/Prefabs/Tree Type1 02.prefab using Guid(702740a5e4ac1ee40a1888d3b62faa91) Importer(815301076,1909f56bfc062723c751e8b465ee728b)  -> (artifact id: '19174a5da247666f5606046961d2275b') in 0.032515 seconds 
========================================================================
Received Import Request.
  Time since last request: 0.580307 seconds.
  path: Assets/BrokenVector/LowPolyTreePack/Prefabs/Tree Type3 02.prefab
  artifactKey: Guid(7641c7e8354e2c44cab6432d9d2c6d1b) Importer(815301076,1909f56bfc062723c751e8b465ee728b)
Start importing Assets/BrokenVector/LowPolyTreePack/Prefabs/Tree Type3 02.prefab using Guid(7641c7e8354e2c44cab6432d9d2c6d1b) Importer(815301076,1909f56bfc062723c751e8b465ee728b)  -> (artifact id: '2c5f302278bfdd3d6b143a03a18f6505') in 0.018840 seconds 
========================================================================
Received Import Request.
  Time since last request: 0.000023 seconds.
  path: Assets/BrokenVector/LowPolyTreePack/Prefabs/Tree Type3 05.prefab
  artifactKey: Guid(87a6cef862ce2cb4a88c5ca5d5af5d2b) Importer(815301076,1909f56bfc062723c751e8b465ee728b)
Start importing Assets/BrokenVector/LowPolyTreePack/Prefabs/Tree Type3 05.prefab using Guid(87a6cef862ce2cb4a88c5ca5d5af5d2b) Importer(815301076,1909f56bfc062723c751e8b465ee728b)  -> (artifact id: '15f15e3ae954b0db7d397152589915d8') in 0.022495 seconds 
========================================================================
Received Import Request.
  Time since last request: 0.033236 seconds.
  path: Assets/BrokenVector/LowPolyTreePack/Prefabs/Tree Type4 01.prefab
  artifactKey: Guid(fb8ae0828a555f74996970b8d0495f15) Importer(815301076,1909f56bfc062723c751e8b465ee728b)
Start importing Assets/BrokenVector/LowPolyTreePack/Prefabs/Tree Type4 01.prefab using Guid(fb8ae0828a555f74996970b8d0495f15) Importer(815301076,1909f56bfc062723c751e8b465ee728b)  -> (artifact id: 'cf2d20dc616532c20bf5457bd46dfa34') in 0.039212 seconds 
========================================================================
Received Import Request.
  Time since last request: 0.000022 seconds.
  path: Assets/BrokenVector/LowPolyTreePack/Prefabs/Tree Type4 04.prefab
  artifactKey: Guid(613b4cc8c589ad8458e792ae21891bef) Importer(815301076,1909f56bfc062723c751e8b465ee728b)
Start importing Assets/BrokenVector/LowPolyTreePack/Prefabs/Tree Type4 04.prefab using Guid(613b4cc8c589ad8458e792ae21891bef) Importer(815301076,1909f56bfc062723c751e8b465ee728b)  -> (artifact id: '3e8e99a846538c1137aee2ac189637e4') in 0.026091 seconds 
========================================================================
Received Import Request.
  Time since last request: 0.313881 seconds.
  path: Assets/BrokenVector/LowPolyTreePack/Prefabs/Tree Type4 05.prefab
  artifactKey: Guid(aec50823ac9be1b45b5778c3b6c0f51a) Importer(815301076,1909f56bfc062723c751e8b465ee728b)
Start importing Assets/BrokenVector/LowPolyTreePack/Prefabs/Tree Type4 05.prefab using Guid(aec50823ac9be1b45b5778c3b6c0f51a) Importer(815301076,1909f56bfc062723c751e8b465ee728b)  -> (artifact id: '85e1a30654ba1e86c7bed8022ccc51a7') in 0.020482 seconds 
========================================================================
Received Import Request.
  Time since last request: 0.000024 seconds.
  path: Assets/BrokenVector/LowPolyTreePack/Prefabs/Tree Type5 03.prefab
  artifactKey: Guid(069e1e44b643edc4fb4a9d4311a78fb7) Importer(815301076,1909f56bfc062723c751e8b465ee728b)
Start importing Assets/BrokenVector/LowPolyTreePack/Prefabs/Tree Type5 03.prefab using Guid(069e1e44b643edc4fb4a9d4311a78fb7) Importer(815301076,1909f56bfc062723c751e8b465ee728b)  -> (artifact id: 'd021063ddb44eec493d6486644084d34') in 0.019972 seconds 
========================================================================
Received Import Request.
  Time since last request: 0.027122 seconds.
  path: Assets/BrokenVector/LowPolyTreePack/Prefabs/Tree Type5 04.prefab
  artifactKey: Guid(1e4e7284c1efd5f4eb702c799353072c) Importer(815301076,1909f56bfc062723c751e8b465ee728b)
Start importing Assets/BrokenVector/LowPolyTreePack/Prefabs/Tree Type5 04.prefab using Guid(1e4e7284c1efd5f4eb702c799353072c) Importer(815301076,1909f56bfc062723c751e8b465ee728b)  -> (artifact id: 'b3c9223b672e0872575f125e36495256') in 0.031669 seconds 
========================================================================
Received Import Request.
  Time since last request: 0.000065 seconds.
  path: Assets/BrokenVector/LowPolyTreePack/Prefabs/Tree Type6 02.prefab
  artifactKey: Guid(ac00d368a6864c04791bc85c5567bd51) Importer(815301076,1909f56bfc062723c751e8b465ee728b)
Start importing Assets/BrokenVector/LowPolyTreePack/Prefabs/Tree Type6 02.prefab using Guid(ac00d368a6864c04791bc85c5567bd51) Importer(815301076,1909f56bfc062723c751e8b465ee728b)  -> (artifact id: '5c6dd954af959e228768491e015a5263') in 0.025944 seconds 
========================================================================
Received Import Request.
  Time since last request: 0.000276 seconds.
  path: Assets/BrokenVector/LowPolyTreePack/Prefabs/Tree Type6 03.prefab
  artifactKey: Guid(98653de49a7044442972e6997c40db16) Importer(815301076,1909f56bfc062723c751e8b465ee728b)
Start importing Assets/BrokenVector/LowPolyTreePack/Prefabs/Tree Type6 03.prefab using Guid(98653de49a7044442972e6997c40db16) Importer(815301076,1909f56bfc062723c751e8b465ee728b)  -> (artifact id: '9daace306583150b9c04daf13d2ab72a') in 0.023827 seconds 
========================================================================
Received Import Request.
  Time since last request: 0.000086 seconds.
  path: Assets/BrokenVector/LowPolyTreePack/Prefabs/Tree Type7 04.prefab
  artifactKey: Guid(3c74caa0496b18d4ba0a1009ebb4c992) Importer(815301076,1909f56bfc062723c751e8b465ee728b)
Start importing Assets/BrokenVector/LowPolyTreePack/Prefabs/Tree Type7 04.prefab using Guid(3c74caa0496b18d4ba0a1009ebb4c992) Importer(815301076,1909f56bfc062723c751e8b465ee728b)  -> (artifact id: '8b6bd534bf9e3aa8ed2878d72be6a8c2') in 0.025686 seconds 
Editor requested this worker to shutdown with reason: Scaling down because of idle timeout
AssetImportWorker is now disconnected from the server
Process exiting
Exiting without the bug reporter. Application will terminate with return code 0